2026-05-16 00:12:59,828 [INFO] AlertsManager initialised (cooldown=60s)
2026-05-16 00:23:18,364 [INFO] AlertsManager initialised (cooldown=60s)
2026-05-16 00:23:19,868 [WARNING] From C:\Users\LENOVO\Realtime-Violence-Detection-System\venv\Lib\site-packages\keras\src\layers\normalization\batch_normalization.py:883: _colocate_with (from tensorflow.python.framework.ops) is deprecated and will be removed in a future version.
Instructions for updating:
Colocations handled automatically by placer.
2026-05-16 00:23:23,590 [WARNING] OMP_NUM_THREADS is no longer used by the default Keras config. To configure the number of threads, use tf.config.threading APIs.
2026-05-16 00:23:23,643 [WARNING] OMP_NUM_THREADS is no longer used by the default Keras config. To configure the number of threads, use tf.config.threading APIs.
2026-05-16 00:23:23,855 [WARNING] OMP_NUM_THREADS is no longer used by the default Keras config. To configure the number of threads, use tf.config.threading APIs.
2026-05-16 00:23:23,954 [WARNING] OMP_NUM_THREADS is no longer used by the default Keras config. To configure the number of threads, use tf.config.threading APIs.
2026-05-16 00:23:24,084 [WARNING] OMP_NUM_THREADS is no longer used by the default Keras config. To configure the number of threads, use tf.config.threading APIs.
2026-05-16 00:23:26,218 [INFO] loading graph from ./models/graph/mobilenet_thin_432x368/graph_opt.pb(default size=432x368)
2026-05-16 00:23:26,380 [INFO] loading graph from ./models/graph/mobilenet_thin_432x368/graph_opt.pb(default size=432x368)
2026-05-16 00:23:26,783 [INFO] loading graph from ./models/graph/mobilenet_thin_432x368/graph_opt.pb(default size=432x368)
2026-05-16 00:23:27,020 [INFO] loading graph from ./models/graph/mobilenet_thin_432x368/graph_opt.pb(default size=432x368)
2026-05-16 00:23:27,020 [INFO] loading graph from ./models/graph/mobilenet_thin_432x368/graph_opt.pb(default size=432x368)
2026-05-16 00:58:25,562 [INFO] AlertsManager initialised (cooldown=60s)
2026-05-16 00:58:26,726 [WARNING] From C:\Users\LENOVO\Realtime-Violence-Detection-System\venv\Lib\site-packages\keras\src\layers\normalization\batch_normalization.py:883: _colocate_with (from tensorflow.python.framework.ops) is deprecated and will be removed in a future version.
Instructions for updating:
Colocations handled automatically by placer.
2026-05-16 00:58:30,509 [WARNING] OMP_NUM_THREADS is no longer used by the default Keras config. To configure the number of threads, use tf.config.threading APIs.
2026-05-16 00:58:30,748 [WARNING] OMP_NUM_THREADS is no longer used by the default Keras config. To configure the number of threads, use tf.config.threading APIs.
2026-05-16 00:58:30,754 [WARNING] OMP_NUM_THREADS is no longer used by the default Keras config. To configure the number of threads, use tf.config.threading APIs.
2026-05-16 00:58:30,833 [WARNING] OMP_NUM_THREADS is no longer used by the default Keras config. To configure the number of threads, use tf.config.threading APIs.
2026-05-16 00:58:30,884 [WARNING] OMP_NUM_THREADS is no longer used by the default Keras config. To configure the number of threads, use tf.config.threading APIs.
2026-05-16 00:58:33,199 [INFO] loading graph from ./models/graph/mobilenet_thin_432x368/graph_opt.pb(default size=432x368)
2026-05-16 00:58:33,424 [INFO] loading graph from ./models/graph/mobilenet_thin_432x368/graph_opt.pb(default size=432x368)
2026-05-16 00:58:33,616 [INFO] loading graph from ./models/graph/mobilenet_thin_432x368/graph_opt.pb(default size=432x368)
2026-05-16 00:58:33,622 [INFO] loading graph from ./models/graph/mobilenet_thin_432x368/graph_opt.pb(default size=432x368)
2026-05-16 00:58:34,050 [INFO] loading graph from ./models/graph/mobilenet_thin_432x368/graph_opt.pb(default size=432x368)
2026-05-16 01:19:37,649 [INFO] AlertsManager initialised (cooldown=60s)
2026-05-16 01:19:39,000 [WARNING] From C:\Users\LENOVO\Realtime-Violence-Detection-System\venv\Lib\site-packages\keras\src\layers\normalization\batch_normalization.py:883: _colocate_with (from tensorflow.python.framework.ops) is deprecated and will be removed in a future version.
Instructions for updating:
Colocations handled automatically by placer.
2026-05-16 01:19:43,810 [WARNING] OMP_NUM_THREADS is no longer used by the default Keras config. To configure the number of threads, use tf.config.threading APIs.
2026-05-16 01:19:43,959 [WARNING] OMP_NUM_THREADS is no longer used by the default Keras config. To configure the number of threads, use tf.config.threading APIs.
2026-05-16 01:19:44,108 [WARNING] OMP_NUM_THREADS is no longer used by the default Keras config. To configure the number of threads, use tf.config.threading APIs.
2026-05-16 01:19:44,290 [WARNING] OMP_NUM_THREADS is no longer used by the default Keras config. To configure the number of threads, use tf.config.threading APIs.
2026-05-16 01:19:44,312 [WARNING] OMP_NUM_THREADS is no longer used by the default Keras config. To configure the number of threads, use tf.config.threading APIs.
2026-05-16 01:36:29,955 [INFO] AlertsManager initialised (cooldown=60s)
2026-05-16 01:36:30,938 [WARNING] From C:\Users\LENOVO\Realtime-Violence-Detection-System\venv\Lib\site-packages\keras\src\layers\normalization\batch_normalization.py:883: _colocate_with (from tensorflow.python.framework.ops) is deprecated and will be removed in a future version.
Instructions for updating:
Colocations handled automatically by placer.
2026-05-16 01:36:34,680 [WARNING] OMP_NUM_THREADS is no longer used by the default Keras config. To configure the number of threads, use tf.config.threading APIs.
2026-05-16 01:36:34,879 [WARNING] OMP_NUM_THREADS is no longer used by the default Keras config. To configure the number of threads, use tf.config.threading APIs.
2026-05-16 01:36:34,980 [WARNING] OMP_NUM_THREADS is no longer used by the default Keras config. To configure the number of threads, use tf.config.threading APIs.
2026-05-16 01:36:34,980 [WARNING] OMP_NUM_THREADS is no longer used by the default Keras config. To configure the number of threads, use tf.config.threading APIs.
2026-05-16 01:36:35,094 [WARNING] OMP_NUM_THREADS is no longer used by the default Keras config. To configure the number of threads, use tf.config.threading APIs.
2026-05-16 01:50:08,797 [INFO] AlertsManager initialised (cooldown=60s)
2026-05-16 01:50:09,750 [WARNING] From C:\Users\LENOVO\Realtime-Violence-Detection-System\venv\Lib\site-packages\keras\src\layers\normalization\batch_normalization.py:883: _colocate_with (from tensorflow.python.framework.ops) is deprecated and will be removed in a future version.
Instructions for updating:
Colocations handled automatically by placer.
2026-05-16 01:50:14,712 [WARNING] OMP_NUM_THREADS is no longer used by the default Keras config. To configure the number of threads, use tf.config.threading APIs.
2026-05-16 01:50:14,876 [WARNING] OMP_NUM_THREADS is no longer used by the default Keras config. To configure the number of threads, use tf.config.threading APIs.
2026-05-16 01:50:15,019 [WARNING] OMP_NUM_THREADS is no longer used by the default Keras config. To configure the number of threads, use tf.config.threading APIs.
2026-05-16 01:50:15,178 [WARNING] OMP_NUM_THREADS is no longer used by the default Keras config. To configure the number of threads, use tf.config.threading APIs.
2026-05-16 01:50:15,298 [WARNING] OMP_NUM_THREADS is no longer used by the default Keras config. To configure the number of threads, use tf.config.threading APIs.
2026-05-16 02:42:15,821 [INFO] AlertsManager initialised (cooldown=60s)
2026-05-16 02:42:17,081 [WARNING] From C:\Users\LENOVO\Realtime-Violence-Detection-System\venv\Lib\site-packages\keras\src\layers\normalization\batch_normalization.py:883: _colocate_with (from tensorflow.python.framework.ops) is deprecated and will be removed in a future version.
Instructions for updating:
Colocations handled automatically by placer.
2026-05-16 02:42:21,932 [WARNING] OMP_NUM_THREADS is no longer used by the default Keras config. To configure the number of threads, use tf.config.threading APIs.
2026-05-16 02:42:22,123 [WARNING] OMP_NUM_THREADS is no longer used by the default Keras config. To configure the number of threads, use tf.config.threading APIs.
2026-05-16 02:42:22,238 [WARNING] OMP_NUM_THREADS is no longer used by the default Keras config. To configure the number of threads, use tf.config.threading APIs.
2026-05-16 02:42:22,413 [WARNING] OMP_NUM_THREADS is no longer used by the default Keras config. To configure the number of threads, use tf.config.threading APIs.
2026-05-16 02:42:22,480 [WARNING] OMP_NUM_THREADS is no longer used by the default Keras config. To configure the number of threads, use tf.config.threading APIs.
2026-05-16 02:49:37,119 [INFO] AlertsManager initialised (cooldown=60s)
2026-05-16 02:49:38,369 [WARNING] From C:\Users\LENOVO\Realtime-Violence-Detection-System\venv\Lib\site-packages\keras\src\layers\normalization\batch_normalization.py:883: _colocate_with (from tensorflow.python.framework.ops) is deprecated and will be removed in a future version.
Instructions for updating:
Colocations handled automatically by placer.
2026-05-16 02:49:42,865 [WARNING] OMP_NUM_THREADS is no longer used by the default Keras config. To configure the number of threads, use tf.config.threading APIs.
2026-05-16 02:49:42,989 [WARNING] OMP_NUM_THREADS is no longer used by the default Keras config. To configure the number of threads, use tf.config.threading APIs.
2026-05-16 02:49:43,254 [WARNING] OMP_NUM_THREADS is no longer used by the default Keras config. To configure the number of threads, use tf.config.threading APIs.
2026-05-16 02:49:43,260 [WARNING] OMP_NUM_THREADS is no longer used by the default Keras config. To configure the number of threads, use tf.config.threading APIs.
2026-05-16 02:49:43,311 [WARNING] OMP_NUM_THREADS is no longer used by the default Keras config. To configure the number of threads, use tf.config.threading APIs.
2026-05-16 02:59:33,043 [INFO] AlertsManager initialised (cooldown=60s)
2026-05-16 02:59:34,552 [WARNING] From C:\Users\LENOVO\Realtime-Violence-Detection-System\venv\Lib\site-packages\keras\src\layers\normalization\batch_normalization.py:883: _colocate_with (from tensorflow.python.framework.ops) is deprecated and will be removed in a future version.
Instructions for updating:
Colocations handled automatically by placer.
2026-05-16 02:59:39,370 [WARNING] OMP_NUM_THREADS is no longer used by the default Keras config. To configure the number of threads, use tf.config.threading APIs.
2026-05-16 02:59:39,503 [WARNING] OMP_NUM_THREADS is no longer used by the default Keras config. To configure the number of threads, use tf.config.threading APIs.
2026-05-16 02:59:39,679 [WARNING] OMP_NUM_THREADS is no longer used by the default Keras config. To configure the number of threads, use tf.config.threading APIs.
2026-05-16 02:59:39,782 [WARNING] OMP_NUM_THREADS is no longer used by the default Keras config. To configure the number of threads, use tf.config.threading APIs.
2026-05-16 02:59:39,849 [WARNING] OMP_NUM_THREADS is no longer used by the default Keras config. To configure the number of threads, use tf.config.threading APIs.
2026-05-16 03:13:58,636 [INFO] AlertsManager initialised (cooldown=60s)
2026-05-16 03:13:59,645 [WARNING] From C:\Users\LENOVO\Realtime-Violence-Detection-System\venv\Lib\site-packages\keras\src\layers\normalization\batch_normalization.py:883: _colocate_with (from tensorflow.python.framework.ops) is deprecated and will be removed in a future version.
Instructions for updating:
Colocations handled automatically by placer.
2026-05-16 03:14:03,976 [WARNING] OMP_NUM_THREADS is no longer used by the default Keras config. To configure the number of threads, use tf.config.threading APIs.
2026-05-16 03:14:04,220 [WARNING] OMP_NUM_THREADS is no longer used by the default Keras config. To configure the number of threads, use tf.config.threading APIs.
2026-05-16 03:14:04,448 [WARNING] OMP_NUM_THREADS is no longer used by the default Keras config. To configure the number of threads, use tf.config.threading APIs.
2026-05-16 03:14:04,451 [WARNING] OMP_NUM_THREADS is no longer used by the default Keras config. To configure the number of threads, use tf.config.threading APIs.
2026-05-16 03:14:04,559 [WARNING] OMP_NUM_THREADS is no longer used by the default Keras config. To configure the number of threads, use tf.config.threading APIs.
2026-05-16 03:20:41,090 [INFO] AlertsManager initialised (cooldown=60s)
2026-05-16 03:20:42,285 [WARNING] From C:\Users\LENOVO\Realtime-Violence-Detection-System\venv\Lib\site-packages\keras\src\layers\normalization\batch_normalization.py:883: _colocate_with (from tensorflow.python.framework.ops) is deprecated and will be removed in a future version.
Instructions for updating:
Colocations handled automatically by placer.
2026-05-16 03:20:46,993 [WARNING] OMP_NUM_THREADS is no longer used by the default Keras config. To configure the number of threads, use tf.config.threading APIs.
2026-05-16 03:20:47,178 [WARNING] OMP_NUM_THREADS is no longer used by the default Keras config. To configure the number of threads, use tf.config.threading APIs.
2026-05-16 03:20:47,297 [WARNING] OMP_NUM_THREADS is no longer used by the default Keras config. To configure the number of threads, use tf.config.threading APIs.
2026-05-16 03:20:47,398 [WARNING] OMP_NUM_THREADS is no longer used by the default Keras config. To configure the number of threads, use tf.config.threading APIs.
2026-05-16 03:20:47,409 [WARNING] OMP_NUM_THREADS is no longer used by the default Keras config. To configure the number of threads, use tf.config.threading APIs.
2026-05-16 03:31:17,754 [INFO] AlertsManager initialised (cooldown=60s)
2026-05-16 03:31:18,644 [WARNING] From C:\Users\LENOVO\Realtime-Violence-Detection-System\venv\Lib\site-packages\keras\src\layers\normalization\batch_normalization.py:883: _colocate_with (from tensorflow.python.framework.ops) is deprecated and will be removed in a future version.
Instructions for updating:
Colocations handled automatically by placer.
2026-05-16 03:31:23,210 [WARNING] OMP_NUM_THREADS is no longer used by the default Keras config. To configure the number of threads, use tf.config.threading APIs.
2026-05-16 03:31:23,362 [WARNING] OMP_NUM_THREADS is no longer used by the default Keras config. To configure the number of threads, use tf.config.threading APIs.
2026-05-16 03:31:23,529 [WARNING] OMP_NUM_THREADS is no longer used by the default Keras config. To configure the number of threads, use tf.config.threading APIs.
2026-05-16 03:31:23,816 [WARNING] OMP_NUM_THREADS is no longer used by the default Keras config. To configure the number of threads, use tf.config.threading APIs.
2026-05-16 03:31:23,825 [WARNING] OMP_NUM_THREADS is no longer used by the default Keras config. To configure the number of threads, use tf.config.threading APIs.
2026-05-16 03:54:29,260 [INFO] AlertsManager initialised (cooldown=60s)
2026-05-16 03:54:30,456 [WARNING] From C:\Users\LENOVO\Realtime-Violence-Detection-System\venv\Lib\site-packages\keras\src\layers\normalization\batch_normalization.py:883: _colocate_with (from tensorflow.python.framework.ops) is deprecated and will be removed in a future version.
Instructions for updating:
Colocations handled automatically by placer.
2026-05-16 03:54:35,167 [WARNING] OMP_NUM_THREADS is no longer used by the default Keras config. To configure the number of threads, use tf.config.threading APIs.
2026-05-16 03:54:35,416 [WARNING] OMP_NUM_THREADS is no longer used by the default Keras config. To configure the number of threads, use tf.config.threading APIs.
2026-05-16 03:54:35,519 [WARNING] OMP_NUM_THREADS is no longer used by the default Keras config. To configure the number of threads, use tf.config.threading APIs.
2026-05-16 03:54:35,676 [WARNING] OMP_NUM_THREADS is no longer used by the default Keras config. To configure the number of threads, use tf.config.threading APIs.
2026-05-16 03:54:35,737 [WARNING] OMP_NUM_THREADS is no longer used by the default Keras config. To configure the number of threads, use tf.config.threading APIs.
2026-05-16 04:04:03,170 [INFO] AlertsManager initialised (cooldown=60s)
2026-05-16 04:04:04,506 [WARNING] From C:\Users\LENOVO\Realtime-Violence-Detection-System\venv\Lib\site-packages\keras\src\layers\normalization\batch_normalization.py:883: _colocate_with (from tensorflow.python.framework.ops) is deprecated and will be removed in a future version.
Instructions for updating:
Colocations handled automatically by placer.
2026-05-16 04:04:08,527 [WARNING] OMP_NUM_THREADS is no longer used by the default Keras config. To configure the number of threads, use tf.config.threading APIs.
2026-05-16 04:04:08,528 [WARNING] OMP_NUM_THREADS is no longer used by the default Keras config. To configure the number of threads, use tf.config.threading APIs.
2026-05-16 04:04:08,888 [WARNING] OMP_NUM_THREADS is no longer used by the default Keras config. To configure the number of threads, use tf.config.threading APIs.
2026-05-16 04:04:08,894 [WARNING] OMP_NUM_THREADS is no longer used by the default Keras config. To configure the number of threads, use tf.config.threading APIs.
2026-05-16 04:04:08,940 [WARNING] OMP_NUM_THREADS is no longer used by the default Keras config. To configure the number of threads, use tf.config.threading APIs.
2026-05-16 15:57:25,241 [INFO] AlertsManager initialised (cooldown=60s | Email=True)
2026-05-16 15:57:26,601 [WARNING] From C:\Users\LENOVO\Realtime-Violence-Detection-System\venv\Lib\site-packages\keras\src\layers\normalization\batch_normalization.py:883: _colocate_with (from tensorflow.python.framework.ops) is deprecated and will be removed in a future version.
Instructions for updating:
Colocations handled automatically by placer.
2026-05-16 15:57:30,578 [WARNING] OMP_NUM_THREADS is no longer used by the default Keras config. To configure the number of threads, use tf.config.threading APIs.
2026-05-16 15:57:30,832 [WARNING] OMP_NUM_THREADS is no longer used by the default Keras config. To configure the number of threads, use tf.config.threading APIs.
2026-05-16 15:57:30,958 [WARNING] OMP_NUM_THREADS is no longer used by the default Keras config. To configure the number of threads, use tf.config.threading APIs.
2026-05-16 15:57:30,997 [WARNING] OMP_NUM_THREADS is no longer used by the default Keras config. To configure the number of threads, use tf.config.threading APIs.
2026-05-16 15:57:31,056 [WARNING] OMP_NUM_THREADS is no longer used by the default Keras config. To configure the number of threads, use tf.config.threading APIs.
2026-05-16 16:16:14,333 [INFO] AlertsManager initialised (cooldown=60s | Email=True)
2026-05-16 16:16:15,759 [WARNING] From C:\Users\LENOVO\Realtime-Violence-Detection-System\venv\Lib\site-packages\keras\src\layers\normalization\batch_normalization.py:883: _colocate_with (from tensorflow.python.framework.ops) is deprecated and will be removed in a future version.
Instructions for updating:
Colocations handled automatically by placer.
2026-05-16 16:16:19,429 [WARNING] OMP_NUM_THREADS is no longer used by the default Keras config. To configure the number of threads, use tf.config.threading APIs.
2026-05-16 16:16:19,596 [WARNING] OMP_NUM_THREADS is no longer used by the default Keras config. To configure the number of threads, use tf.config.threading APIs.
2026-05-16 16:16:19,808 [WARNING] OMP_NUM_THREADS is no longer used by the default Keras config. To configure the number of threads, use tf.config.threading APIs.
2026-05-16 16:16:19,882 [WARNING] OMP_NUM_THREADS is no longer used by the default Keras config. To configure the number of threads, use tf.config.threading APIs.
2026-05-16 16:16:19,933 [WARNING] OMP_NUM_THREADS is no longer used by the default Keras config. To configure the number of threads, use tf.config.threading APIs.
2026-05-16 16:28:40,806 [INFO] AlertsManager initialised (cooldown=60s | Email=True)
2026-05-16 16:28:42,047 [WARNING] From C:\Users\LENOVO\Realtime-Violence-Detection-System\venv\Lib\site-packages\keras\src\layers\normalization\batch_normalization.py:883: _colocate_with (from tensorflow.python.framework.ops) is deprecated and will be removed in a future version.
Instructions for updating:
Colocations handled automatically by placer.
2026-05-16 16:28:46,138 [WARNING] OMP_NUM_THREADS is no longer used by the default Keras config. To configure the number of threads, use tf.config.threading APIs.
2026-05-16 16:28:46,160 [WARNING] OMP_NUM_THREADS is no longer used by the default Keras config. To configure the number of threads, use tf.config.threading APIs.
2026-05-16 16:28:46,357 [WARNING] OMP_NUM_THREADS is no longer used by the default Keras config. To configure the number of threads, use tf.config.threading APIs.
2026-05-16 16:28:46,459 [WARNING] OMP_NUM_THREADS is no longer used by the default Keras config. To configure the number of threads, use tf.config.threading APIs.
2026-05-16 16:28:46,534 [WARNING] OMP_NUM_THREADS is no longer used by the default Keras config. To configure the number of threads, use tf.config.threading APIs.
2026-05-16 16:30:10,176 [ERROR] DB write failed: Not all parameters were used in the SQL statement
2026-05-16 16:30:10,179 [WARNING] [91m[ALERT] 2026-05-16 16:30:10 | Severity: HIGH         | Score: 1.00 | Weapon: knife      | Frame:    364 | Camera: ************************************[0m
2026-05-16 17:17:20,546 [INFO] AlertsManager initialised (cooldown=60s | Email=True)
2026-05-16 17:17:21,881 [WARNING] From C:\Users\LENOVO\Realtime-Violence-Detection-System\venv\Lib\site-packages\keras\src\layers\normalization\batch_normalization.py:883: _colocate_with (from tensorflow.python.framework.ops) is deprecated and will be removed in a future version.
Instructions for updating:
Colocations handled automatically by placer.
2026-05-16 17:17:25,918 [WARNING] OMP_NUM_THREADS is no longer used by the default Keras config. To configure the number of threads, use tf.config.threading APIs.
2026-05-16 17:17:26,135 [WARNING] OMP_NUM_THREADS is no longer used by the default Keras config. To configure the number of threads, use tf.config.threading APIs.
2026-05-16 17:17:26,162 [WARNING] OMP_NUM_THREADS is no longer used by the default Keras config. To configure the number of threads, use tf.config.threading APIs.
2026-05-16 17:17:26,247 [WARNING] OMP_NUM_THREADS is no longer used by the default Keras config. To configure the number of threads, use tf.config.threading APIs.
2026-05-16 17:17:26,281 [WARNING] OMP_NUM_THREADS is no longer used by the default Keras config. To configure the number of threads, use tf.config.threading APIs.
2026-05-16 17:17:29,024 [ERROR] DB write failed: name 'get_db_connection' is not defined
2026-05-16 17:17:29,025 [WARNING] [91m[ALERT] 2026-05-16 17:17:29 | Severity: HIGH         | Score: 1.00 | Weapon: knife      | Frame:      1 | Camera: rtsp://192.168.1.12:554/Streaming/Channels/101[0m
2026-05-16 17:18:24,882 [ERROR] DB write failed: name 'get_db_connection' is not defined
2026-05-16 17:18:24,882 [WARNING] [91m[ALERT] 2026-05-16 17:18:24 | Severity: HIGH         | Score: 1.00 | Weapon: knife      | Frame:    267 | Camera: rtsp://192.168.1.12:554/Streaming/Channels/101[0m
2026-05-16 17:18:56,250 [ERROR] DB write failed: name 'get_db_connection' is not defined
2026-05-16 17:18:56,251 [WARNING] [91m[ALERT] 2026-05-16 17:18:56 | Severity: HIGH         | Score: 1.00 | Weapon: knife      | Frame:    406 | Camera: rtsp://192.168.1.12:554/Streaming/Channels/101[0m
2026-05-16 17:28:24,415 [INFO] AlertsManager initialised (cooldown=60s | Email=True)
2026-05-16 17:28:26,055 [WARNING] From C:\Users\LENOVO\Realtime-Violence-Detection-System\venv\Lib\site-packages\keras\src\layers\normalization\batch_normalization.py:883: _colocate_with (from tensorflow.python.framework.ops) is deprecated and will be removed in a future version.
Instructions for updating:
Colocations handled automatically by placer.
2026-05-16 17:28:30,023 [WARNING] OMP_NUM_THREADS is no longer used by the default Keras config. To configure the number of threads, use tf.config.threading APIs.
2026-05-16 17:28:30,159 [WARNING] OMP_NUM_THREADS is no longer used by the default Keras config. To configure the number of threads, use tf.config.threading APIs.
2026-05-16 17:28:30,344 [WARNING] OMP_NUM_THREADS is no longer used by the default Keras config. To configure the number of threads, use tf.config.threading APIs.
2026-05-16 17:28:30,358 [WARNING] OMP_NUM_THREADS is no longer used by the default Keras config. To configure the number of threads, use tf.config.threading APIs.
2026-05-16 17:28:30,432 [WARNING] OMP_NUM_THREADS is no longer used by the default Keras config. To configure the number of threads, use tf.config.threading APIs.
2026-05-16 17:28:35,547 [WARNING] [91m[ALERT] 2026-05-16 17:28:35 | Severity: HIGH         | Score: 1.00 | Weapon: knife      | Frame:     11 | Camera: rtsp://192.168.1.12:554/Streaming/Channels/101[0m
2026-05-16 17:36:55,529 [INFO] AlertsManager initialised (cooldown=60s | Email=True)
2026-05-16 17:36:56,989 [WARNING] From C:\Users\LENOVO\Realtime-Violence-Detection-System\venv\Lib\site-packages\keras\src\layers\normalization\batch_normalization.py:883: _colocate_with (from tensorflow.python.framework.ops) is deprecated and will be removed in a future version.
Instructions for updating:
Colocations handled automatically by placer.
2026-05-16 17:37:00,609 [WARNING] OMP_NUM_THREADS is no longer used by the default Keras config. To configure the number of threads, use tf.config.threading APIs.
2026-05-16 17:37:00,714 [WARNING] OMP_NUM_THREADS is no longer used by the default Keras config. To configure the number of threads, use tf.config.threading APIs.
2026-05-16 17:37:00,841 [WARNING] OMP_NUM_THREADS is no longer used by the default Keras config. To configure the number of threads, use tf.config.threading APIs.
2026-05-16 17:37:01,017 [WARNING] OMP_NUM_THREADS is no longer used by the default Keras config. To configure the number of threads, use tf.config.threading APIs.
2026-05-16 17:37:01,018 [WARNING] OMP_NUM_THREADS is no longer used by the default Keras config. To configure the number of threads, use tf.config.threading APIs.
2026-05-16 17:38:56,103 [INFO] AlertsManager initialised (cooldown=60s | Email=True)
2026-05-16 17:38:57,249 [WARNING] From C:\Users\LENOVO\Realtime-Violence-Detection-System\venv\Lib\site-packages\keras\src\layers\normalization\batch_normalization.py:883: _colocate_with (from tensorflow.python.framework.ops) is deprecated and will be removed in a future version.
Instructions for updating:
Colocations handled automatically by placer.
2026-05-16 17:39:00,782 [WARNING] OMP_NUM_THREADS is no longer used by the default Keras config. To configure the number of threads, use tf.config.threading APIs.
2026-05-16 17:39:00,813 [WARNING] OMP_NUM_THREADS is no longer used by the default Keras config. To configure the number of threads, use tf.config.threading APIs.
2026-05-16 17:39:00,991 [WARNING] OMP_NUM_THREADS is no longer used by the default Keras config. To configure the number of threads, use tf.config.threading APIs.
2026-05-16 17:39:01,147 [WARNING] OMP_NUM_THREADS is no longer used by the default Keras config. To configure the number of threads, use tf.config.threading APIs.
2026-05-16 17:39:01,225 [WARNING] OMP_NUM_THREADS is no longer used by the default Keras config. To configure the number of threads, use tf.config.threading APIs.
2026-05-16 17:43:16,574 [INFO] AlertsManager initialised (cooldown=60s | Email=True)
2026-05-16 17:43:17,810 [WARNING] From C:\Users\LENOVO\Realtime-Violence-Detection-System\venv\Lib\site-packages\keras\src\layers\normalization\batch_normalization.py:883: _colocate_with (from tensorflow.python.framework.ops) is deprecated and will be removed in a future version.
Instructions for updating:
Colocations handled automatically by placer.
2026-05-16 17:43:21,428 [WARNING] OMP_NUM_THREADS is no longer used by the default Keras config. To configure the number of threads, use tf.config.threading APIs.
2026-05-16 17:43:21,590 [WARNING] OMP_NUM_THREADS is no longer used by the default Keras config. To configure the number of threads, use tf.config.threading APIs.
2026-05-16 17:43:21,678 [WARNING] OMP_NUM_THREADS is no longer used by the default Keras config. To configure the number of threads, use tf.config.threading APIs.
2026-05-16 17:43:21,853 [WARNING] OMP_NUM_THREADS is no longer used by the default Keras config. To configure the number of threads, use tf.config.threading APIs.
2026-05-16 17:43:21,928 [WARNING] OMP_NUM_THREADS is no longer used by the default Keras config. To configure the number of threads, use tf.config.threading APIs.
2026-05-16 17:43:42,026 [WARNING] [91m[ALERT] 2026-05-16 17:43:41 | Severity: HIGH         | Score: 1.00 | Weapon: knife      | Frame:     73 | Camera: rtsp://192.168.1.12:554/Streaming/Channels/101[0m
2026-05-16 17:46:50,688 [INFO] AlertsManager initialised (cooldown=60s | Email=True)
2026-05-16 17:46:51,687 [WARNING] From C:\Users\LENOVO\Realtime-Violence-Detection-System\venv\Lib\site-packages\keras\src\layers\normalization\batch_normalization.py:883: _colocate_with (from tensorflow.python.framework.ops) is deprecated and will be removed in a future version.
Instructions for updating:
Colocations handled automatically by placer.
2026-05-16 17:46:55,321 [WARNING] OMP_NUM_THREADS is no longer used by the default Keras config. To configure the number of threads, use tf.config.threading APIs.
2026-05-16 17:46:55,486 [WARNING] OMP_NUM_THREADS is no longer used by the default Keras config. To configure the number of threads, use tf.config.threading APIs.
2026-05-16 17:46:55,647 [WARNING] OMP_NUM_THREADS is no longer used by the default Keras config. To configure the number of threads, use tf.config.threading APIs.
2026-05-16 17:46:55,888 [WARNING] OMP_NUM_THREADS is no longer used by the default Keras config. To configure the number of threads, use tf.config.threading APIs.
2026-05-16 17:46:55,922 [WARNING] OMP_NUM_THREADS is no longer used by the default Keras config. To configure the number of threads, use tf.config.threading APIs.
2026-05-16 17:48:00,912 [WARNING] [91m[ALERT] 2026-05-16 17:48:00 | Severity: HIGH         | Score: 1.00 | Weapon: knife      | Frame:    268 | Camera: rtsp://192.168.1.11:554/Streaming/Channels/101[0m
2026-05-16 18:00:29,381 [INFO] AlertsManager initialised (cooldown=60s | Email=True)
2026-05-16 18:00:30,573 [WARNING] From C:\Users\LENOVO\Realtime-Violence-Detection-System\venv\Lib\site-packages\keras\src\layers\normalization\batch_normalization.py:883: _colocate_with (from tensorflow.python.framework.ops) is deprecated and will be removed in a future version.
Instructions for updating:
Colocations handled automatically by placer.
2026-05-16 18:00:34,467 [WARNING] OMP_NUM_THREADS is no longer used by the default Keras config. To configure the number of threads, use tf.config.threading APIs.
2026-05-16 18:00:34,645 [WARNING] OMP_NUM_THREADS is no longer used by the default Keras config. To configure the number of threads, use tf.config.threading APIs.
2026-05-16 18:00:34,917 [WARNING] OMP_NUM_THREADS is no longer used by the default Keras config. To configure the number of threads, use tf.config.threading APIs.
2026-05-16 18:00:35,059 [WARNING] OMP_NUM_THREADS is no longer used by the default Keras config. To configure the number of threads, use tf.config.threading APIs.
2026-05-16 18:00:35,067 [WARNING] OMP_NUM_THREADS is no longer used by the default Keras config. To configure the number of threads, use tf.config.threading APIs.
2026-05-16 18:02:08,112 [WARNING] [91m[ALERT] 2026-05-16 18:02:08 | Severity: HIGH         | Score: 1.00 | Weapon: knife      | Frame:    425 | Camera: ************************************[0m
2026-05-16 18:03:17,275 [WARNING] [91m[ALERT] 2026-05-16 18:03:17 | Severity: HIGH         | Score: 1.00 | Weapon: knife      | Frame:    738 | Camera: ************************************[0m
2026-05-16 18:04:00,823 [WARNING] [91m[ALERT] 2026-05-16 18:04:00 | Severity: HIGH         | Score: 1.00 | Weapon: knife      | Frame:    935 | Camera: ************************************[0m
2026-05-16 18:24:29,970 [INFO] AlertsManager initialised (cooldown=60s | Email=True)
2026-05-16 18:24:31,545 [WARNING] From C:\Users\LENOVO\Realtime-Violence-Detection-System\venv\Lib\site-packages\keras\src\layers\normalization\batch_normalization.py:883: _colocate_with (from tensorflow.python.framework.ops) is deprecated and will be removed in a future version.
Instructions for updating:
Colocations handled automatically by placer.
2026-05-16 18:24:35,250 [WARNING] OMP_NUM_THREADS is no longer used by the default Keras config. To configure the number of threads, use tf.config.threading APIs.
2026-05-16 18:24:35,504 [WARNING] OMP_NUM_THREADS is no longer used by the default Keras config. To configure the number of threads, use tf.config.threading APIs.
2026-05-16 18:24:35,511 [WARNING] OMP_NUM_THREADS is no longer used by the default Keras config. To configure the number of threads, use tf.config.threading APIs.
2026-05-16 18:24:35,581 [WARNING] OMP_NUM_THREADS is no longer used by the default Keras config. To configure the number of threads, use tf.config.threading APIs.
2026-05-16 18:24:35,664 [WARNING] OMP_NUM_THREADS is no longer used by the default Keras config. To configure the number of threads, use tf.config.threading APIs.
2026-05-16 18:24:39,309 [WARNING] [91m[ALERT] 2026-05-16 18:24:39 | Severity: HIGH         | Score: 1.00 | Weapon: knife      | Frame:      4 | Camera: rtsp://192.168.1.13:554/Streaming/Channels/101[0m
2026-05-16 18:25:11,093 [WARNING] [91m[ALERT] 2026-05-16 18:25:10 | Severity: HIGH         | Score: 1.00 | Weapon: knife      | Frame:    143 | Camera: rtsp://192.168.1.13:554/Streaming/Channels/101[0m
2026-05-16 18:25:42,167 [WARNING] [91m[ALERT] 2026-05-16 18:25:42 | Severity: HIGH         | Score: 1.00 | Weapon: knife      | Frame:    278 | Camera: rtsp://192.168.1.13:554/Streaming/Channels/101[0m
2026-05-16 18:26:18,453 [WARNING] [91m[ALERT] 2026-05-16 18:26:18 | Severity: HIGH         | Score: 1.00 | Weapon: knife      | Frame:    438 | Camera: rtsp://192.168.1.13:554/Streaming/Channels/101[0m
2026-05-16 18:29:50,807 [INFO] AlertsManager initialised (cooldown=60s | Email=True)
2026-05-16 18:29:52,116 [WARNING] From C:\Users\LENOVO\Realtime-Violence-Detection-System\venv\Lib\site-packages\keras\src\layers\normalization\batch_normalization.py:883: _colocate_with (from tensorflow.python.framework.ops) is deprecated and will be removed in a future version.
Instructions for updating:
Colocations handled automatically by placer.
2026-05-16 18:29:56,131 [WARNING] OMP_NUM_THREADS is no longer used by the default Keras config. To configure the number of threads, use tf.config.threading APIs.
2026-05-16 18:29:56,177 [WARNING] OMP_NUM_THREADS is no longer used by the default Keras config. To configure the number of threads, use tf.config.threading APIs.
2026-05-16 18:29:56,482 [WARNING] OMP_NUM_THREADS is no longer used by the default Keras config. To configure the number of threads, use tf.config.threading APIs.
2026-05-16 18:29:56,495 [WARNING] OMP_NUM_THREADS is no longer used by the default Keras config. To configure the number of threads, use tf.config.threading APIs.
2026-05-16 18:29:56,590 [WARNING] OMP_NUM_THREADS is no longer used by the default Keras config. To configure the number of threads, use tf.config.threading APIs.
2026-05-16 18:30:10,393 [WARNING] [91m[ALERT] 2026-05-16 18:30:10 | Severity: HIGH         | Score: 1.00 | Weapon: knife      | Frame:     50 | Camera: rtsp://192.168.1.14:554/Streaming/Channels/101[0m
2026-05-16 18:30:40,866 [WARNING] [91m[ALERT] 2026-05-16 18:30:40 | Severity: HIGH         | Score: 1.00 | Weapon: knife      | Frame:    185 | Camera: rtsp://192.168.1.14:554/Streaming/Channels/101[0m
2026-05-16 18:31:11,754 [WARNING] [91m[ALERT] 2026-05-16 18:31:11 | Severity: HIGH         | Score: 1.00 | Weapon: knife      | Frame:    322 | Camera: rtsp://192.168.1.14:554/Streaming/Channels/101[0m
2026-05-16 18:31:42,296 [WARNING] [91m[ALERT] 2026-05-16 18:31:42 | Severity: HIGH         | Score: 1.00 | Weapon: knife      | Frame:    448 | Camera: rtsp://192.168.1.14:554/Streaming/Channels/101[0m
2026-05-16 18:32:24,049 [WARNING] [91m[ALERT] 2026-05-16 18:32:24 | Severity: HIGH         | Score: 1.00 | Weapon: knife      | Frame:    635 | Camera: rtsp://192.168.1.14:554/Streaming/Channels/101[0m
2026-05-16 18:53:59,900 [INFO] AlertsManager initialised (cooldown=60s | Email=True)
2026-05-16 18:54:01,282 [WARNING] From C:\Users\LENOVO\Realtime-Violence-Detection-System\venv\Lib\site-packages\keras\src\layers\normalization\batch_normalization.py:883: _colocate_with (from tensorflow.python.framework.ops) is deprecated and will be removed in a future version.
Instructions for updating:
Colocations handled automatically by placer.
2026-05-16 18:54:06,128 [WARNING] OMP_NUM_THREADS is no longer used by the default Keras config. To configure the number of threads, use tf.config.threading APIs.
2026-05-16 18:54:06,133 [WARNING] OMP_NUM_THREADS is no longer used by the default Keras config. To configure the number of threads, use tf.config.threading APIs.
2026-05-16 18:54:06,233 [WARNING] OMP_NUM_THREADS is no longer used by the default Keras config. To configure the number of threads, use tf.config.threading APIs.
2026-05-16 18:54:06,241 [WARNING] OMP_NUM_THREADS is no longer used by the default Keras config. To configure the number of threads, use tf.config.threading APIs.
2026-05-16 18:54:06,351 [WARNING] OMP_NUM_THREADS is no longer used by the default Keras config. To configure the number of threads, use tf.config.threading APIs.
2026-05-16 18:55:03,436 [WARNING] [91m[ALERT] 2026-05-16 18:55:03 | Severity: HIGH         | Score: 1.00 | Weapon: knife      | Frame:    225 | Camera: rtsp://192.168.1.13:554/Streaming/Channels/101[0m
2026-05-16 18:55:36,944 [WARNING] [91m[ALERT] 2026-05-16 18:55:36 | Severity: HIGH         | Score: 1.00 | Weapon: knife      | Frame:    349 | Camera: rtsp://192.168.1.13:554/Streaming/Channels/101[0m
2026-05-16 18:56:09,190 [WARNING] [91m[ALERT] 2026-05-16 18:56:09 | Severity: HIGH         | Score: 1.00 | Weapon: knife      | Frame:    488 | Camera: rtsp://192.168.1.13:554/Streaming/Channels/101[0m
2026-05-16 19:25:00,600 [INFO] AlertsManager initialised (cooldown=60s | Email=True)
2026-05-16 19:25:01,996 [WARNING] From C:\Users\LENOVO\Realtime-Violence-Detection-System\venv\Lib\site-packages\keras\src\layers\normalization\batch_normalization.py:883: _colocate_with (from tensorflow.python.framework.ops) is deprecated and will be removed in a future version.
Instructions for updating:
Colocations handled automatically by placer.
2026-05-16 19:25:06,142 [WARNING] OMP_NUM_THREADS is no longer used by the default Keras config. To configure the number of threads, use tf.config.threading APIs.
2026-05-16 19:25:06,349 [WARNING] OMP_NUM_THREADS is no longer used by the default Keras config. To configure the number of threads, use tf.config.threading APIs.
2026-05-16 19:25:06,435 [WARNING] OMP_NUM_THREADS is no longer used by the default Keras config. To configure the number of threads, use tf.config.threading APIs.
2026-05-16 19:25:06,455 [WARNING] OMP_NUM_THREADS is no longer used by the default Keras config. To configure the number of threads, use tf.config.threading APIs.
2026-05-16 19:25:06,536 [WARNING] OMP_NUM_THREADS is no longer used by the default Keras config. To configure the number of threads, use tf.config.threading APIs.
2026-05-16 19:31:18,869 [INFO] AlertsManager initialised (cooldown=60s | Email=True)
2026-05-16 19:31:20,320 [WARNING] From C:\Users\LENOVO\Realtime-Violence-Detection-System\venv\Lib\site-packages\keras\src\layers\normalization\batch_normalization.py:883: _colocate_with (from tensorflow.python.framework.ops) is deprecated and will be removed in a future version.
Instructions for updating:
Colocations handled automatically by placer.
2026-05-16 19:31:24,341 [WARNING] OMP_NUM_THREADS is no longer used by the default Keras config. To configure the number of threads, use tf.config.threading APIs.
2026-05-16 19:31:24,498 [WARNING] OMP_NUM_THREADS is no longer used by the default Keras config. To configure the number of threads, use tf.config.threading APIs.
2026-05-16 19:31:24,682 [WARNING] OMP_NUM_THREADS is no longer used by the default Keras config. To configure the number of threads, use tf.config.threading APIs.
2026-05-16 19:31:24,767 [WARNING] OMP_NUM_THREADS is no longer used by the default Keras config. To configure the number of threads, use tf.config.threading APIs.
2026-05-16 19:31:24,820 [WARNING] OMP_NUM_THREADS is no longer used by the default Keras config. To configure the number of threads, use tf.config.threading APIs.
2026-05-16 19:34:11,810 [INFO] AlertsManager initialised (cooldown=60s | Email=True)
2026-05-16 19:34:12,980 [WARNING] From C:\Users\LENOVO\Realtime-Violence-Detection-System\venv\Lib\site-packages\keras\src\layers\normalization\batch_normalization.py:883: _colocate_with (from tensorflow.python.framework.ops) is deprecated and will be removed in a future version.
Instructions for updating:
Colocations handled automatically by placer.
2026-05-16 19:34:17,381 [WARNING] OMP_NUM_THREADS is no longer used by the default Keras config. To configure the number of threads, use tf.config.threading APIs.
2026-05-16 19:34:17,457 [WARNING] OMP_NUM_THREADS is no longer used by the default Keras config. To configure the number of threads, use tf.config.threading APIs.
2026-05-16 19:34:17,535 [WARNING] OMP_NUM_THREADS is no longer used by the default Keras config. To configure the number of threads, use tf.config.threading APIs.
2026-05-16 19:34:17,704 [WARNING] OMP_NUM_THREADS is no longer used by the default Keras config. To configure the number of threads, use tf.config.threading APIs.
2026-05-16 19:34:17,766 [WARNING] OMP_NUM_THREADS is no longer used by the default Keras config. To configure the number of threads, use tf.config.threading APIs.
2026-05-16 19:35:18,997 [WARNING] [91m[ALERT] 2026-05-16 19:35:18 | Severity: HIGH         | Score: 1.00 | Weapon: knife      | Frame:    261 | Camera: ************************************[0m
2026-05-18 07:09:01,599 [INFO] AlertsManager initialised (cooldown=60s | Email=True)
2026-05-18 07:09:02,894 [WARNING] From C:\Users\LENOVO\Realtime-Violence-Detection-System\venv\Lib\site-packages\keras\src\layers\normalization\batch_normalization.py:883: _colocate_with (from tensorflow.python.framework.ops) is deprecated and will be removed in a future version.
Instructions for updating:
Colocations handled automatically by placer.
2026-05-18 07:09:06,726 [WARNING] OMP_NUM_THREADS is no longer used by the default Keras config. To configure the number of threads, use tf.config.threading APIs.
2026-05-18 07:09:06,880 [WARNING] OMP_NUM_THREADS is no longer used by the default Keras config. To configure the number of threads, use tf.config.threading APIs.
2026-05-18 07:09:06,887 [WARNING] OMP_NUM_THREADS is no longer used by the default Keras config. To configure the number of threads, use tf.config.threading APIs.
2026-05-18 07:09:07,095 [WARNING] OMP_NUM_THREADS is no longer used by the default Keras config. To configure the number of threads, use tf.config.threading APIs.
2026-05-18 07:09:07,202 [WARNING] OMP_NUM_THREADS is no longer used by the default Keras config. To configure the number of threads, use tf.config.threading APIs.
2026-05-18 07:09:23,803 [WARNING] [91m[ALERT] 2026-05-18 07:09:23 | Severity: HIGH         | Score: 1.00 | Weapon: knife      | Frame:     59 | Camera: rtsp://192.168.1.12:554/Streaming/Channels/101[0m
2026-05-18 08:38:46,474 [INFO] AlertsManager initialised (cooldown=60s | Email=True)
2026-05-18 08:38:47,980 [WARNING] From C:\Users\LENOVO\Realtime-Violence-Detection-System\venv\Lib\site-packages\keras\src\layers\normalization\batch_normalization.py:883: _colocate_with (from tensorflow.python.framework.ops) is deprecated and will be removed in a future version.
Instructions for updating:
Colocations handled automatically by placer.
2026-05-18 08:38:51,963 [WARNING] OMP_NUM_THREADS is no longer used by the default Keras config. To configure the number of threads, use tf.config.threading APIs.
2026-05-18 08:38:52,261 [WARNING] OMP_NUM_THREADS is no longer used by the default Keras config. To configure the number of threads, use tf.config.threading APIs.
2026-05-18 08:38:52,323 [WARNING] OMP_NUM_THREADS is no longer used by the default Keras config. To configure the number of threads, use tf.config.threading APIs.
2026-05-18 08:38:52,372 [WARNING] OMP_NUM_THREADS is no longer used by the default Keras config. To configure the number of threads, use tf.config.threading APIs.
2026-05-18 08:38:52,492 [WARNING] OMP_NUM_THREADS is no longer used by the default Keras config. To configure the number of threads, use tf.config.threading APIs.
2026-05-18 08:38:55,568 [WARNING] [91m[ALERT] 2026-05-18 08:38:55 | Severity: HIGH         | Score: 1.00 | Weapon: knife      | Frame:      1 | Camera: rtsp://192.168.1.13:554/Streaming/Channels/101[0m
2026-05-18 08:39:25,592 [WARNING] [91m[ALERT] 2026-05-18 08:39:25 | Severity: HIGH         | Score: 1.00 | Weapon: knife      | Frame:    130 | Camera: rtsp://192.168.1.13:554/Streaming/Channels/101[0m
2026-05-18 09:04:04,370 [INFO] AlertsManager initialised (cooldown=60s | Email=True)
2026-05-18 09:04:06,131 [WARNING] From C:\Users\LENOVO\Realtime-Violence-Detection-System\venv\Lib\site-packages\keras\src\layers\normalization\batch_normalization.py:883: _colocate_with (from tensorflow.python.framework.ops) is deprecated and will be removed in a future version.
Instructions for updating:
Colocations handled automatically by placer.
2026-05-18 09:04:10,847 [WARNING] OMP_NUM_THREADS is no longer used by the default Keras config. To configure the number of threads, use tf.config.threading APIs.
2026-05-18 09:04:10,995 [WARNING] OMP_NUM_THREADS is no longer used by the default Keras config. To configure the number of threads, use tf.config.threading APIs.
2026-05-18 09:04:11,191 [WARNING] OMP_NUM_THREADS is no longer used by the default Keras config. To configure the number of threads, use tf.config.threading APIs.
2026-05-18 09:04:11,239 [WARNING] OMP_NUM_THREADS is no longer used by the default Keras config. To configure the number of threads, use tf.config.threading APIs.
2026-05-18 09:04:11,320 [WARNING] OMP_NUM_THREADS is no longer used by the default Keras config. To configure the number of threads, use tf.config.threading APIs.
2026-05-18 09:04:15,531 [INFO]  Success: Event fully logged with Severity, Confidence and Image Path!
2026-05-18 09:04:15,532 [WARNING] [91m[ALERT] 2026-05-18 09:04:15 | Severity: HIGH         | Score: 1.00 | Weapon: knife      | Frame:      5 | Camera: rtsp://192.168.1.13:554/Streaming/Channels/101[0m
